<?xml version="1.0" encoding="UTF-8"?>
<testng-results skipped="0" failed="0" ignored="0" total="1" passed="1">
  <reporter-output>
  </reporter-output>
  <suite name="Suite" duration-ms="31564" started-at="2020-05-11T20:57:44 AEST" finished-at="2020-05-11T20:58:16 AEST">
    <groups>
    </groups>
    <test name="Test" duration-ms="31564" started-at="2020-05-11T20:57:44 AEST" finished-at="2020-05-11T20:58:16 AEST">
      <class name="com.qa.tests.LoginTests">
        <test-method status="PASS" signature="beforeTest(java.lang.String, java.lang.String, java.lang.String)[pri:0, instance:com.qa.tests.LoginTests@31206beb]" name="beforeTest" is-config="true" duration-ms="18655" started-at="2020-05-11T20:57:44 AEST" finished-at="2020-05-11T20:58:03 AEST">
          <params>
            <param index="0">
              <value>
                <![CDATA[Android]]>
              </value>
            </param>
            <param index="1">
              <value>
                <![CDATA[10]]>
              </value>
            </param>
            <param index="2">
              <value>
                <![CDATA[Pixel_2_API_29]]>
              </value>
            </param>
          </params>
          <reporter-output>
          </reporter-output>
        </test-method> <!-- beforeTest -->
        <test-method status="PASS" signature="beforeClass()[pri:0, instance:com.qa.tests.LoginTests@31206beb]" name="beforeClass" is-config="true" duration-ms="3" started-at="2020-05-11T20:58:03 AEST" finished-at="2020-05-11T20:58:03 AEST">
          <reporter-output>
          </reporter-output>
        </test-method> <!-- beforeClass -->
        <test-method status="PASS" signature="beforeMethod(java.lang.reflect.Method)[pri:0, instance:com.qa.tests.LoginTests@31206beb]" name="beforeMethod" is-config="true" duration-ms="230" started-at="2020-05-11T20:58:03 AEST" finished-at="2020-05-11T20:58:03 AEST">
          <params>
            <param index="0">
              <value>
                <![CDATA[public void com.qa.tests.LoginTests.successfulUserloginTest()]]>
              </value>
            </param>
          </params>
          <reporter-output>
          </reporter-output>
        </test-method> <!-- beforeMethod -->
        <test-method status="PASS" signature="successfulUserloginTest()[pri:0, instance:com.qa.tests.LoginTests@31206beb]" name="successfulUserloginTest" duration-ms="11852" started-at="2020-05-11T20:58:03 AEST" finished-at="2020-05-11T20:58:15 AEST">
          <reporter-output>
          </reporter-output>
        </test-method> <!-- successfulUserloginTest -->
        <test-method status="PASS" signature="afterMethod()[pri:0, instance:com.qa.tests.LoginTests@31206beb]" name="afterMethod" is-config="true" duration-ms="1" started-at="2020-05-11T20:58:15 AEST" finished-at="2020-05-11T20:58:15 AEST">
          <reporter-output>
          </reporter-output>
        </test-method> <!-- afterMethod -->
        <test-method status="PASS" signature="afterClass()[pri:0, instance:com.qa.tests.LoginTests@31206beb]" name="afterClass" is-config="true" duration-ms="0" started-at="2020-05-11T20:58:15 AEST" finished-at="2020-05-11T20:58:15 AEST">
          <reporter-output>
          </reporter-output>
        </test-method> <!-- afterClass -->
        <test-method status="PASS" signature="afterTest()[pri:0, instance:com.qa.tests.LoginTests@31206beb]" name="afterTest" is-config="true" duration-ms="785" started-at="2020-05-11T20:58:15 AEST" finished-at="2020-05-11T20:58:16 AEST">
          <reporter-output>
          </reporter-output>
        </test-method> <!-- afterTest -->
      </class> <!-- com.qa.tests.LoginTests -->
    </test> <!-- Test -->
  </suite> <!-- Suite -->
</testng-results>
